  [1m[36m (0.8ms)[0m  [1mCREATE TABLE "schema_migrations" ("version" varchar NOT NULL) [0m
  [1m[35m (0.1ms)[0m  select sqlite_version(*)
  [1m[36m (0.6ms)[0m  [1mCREATE UNIQUE INDEX "unique_schema_migrations" ON "schema_migrations" ("version")[0m
  [1m[35mActiveRecord::SchemaMigration Load (0.1ms)[0m  SELECT "schema_migrations".* FROM "schema_migrations"
Migrating to CreateMovies (20151208100422)
  [1m[36m (0.1ms)[0m  [1mbegin transaction[0m
  [1m[35m (0.5ms)[0m  CREATE TABLE "movies" ("id" INTEGER PRIMARY KEY AUTOINCREMENT NOT NULL, "title" text, "year" date, "genre" text, "created_at" datetime NOT NULL, "updated_at" datetime NOT NULL) 
  [1m[36mSQL (0.1ms)[0m  [1mINSERT INTO "schema_migrations" ("version") VALUES (?)[0m  [["version", "20151208100422"]]
  [1m[35m (0.5ms)[0m  commit transaction
  [1m[36mActiveRecord::SchemaMigration Load (0.1ms)[0m  [1mSELECT "schema_migrations".* FROM "schema_migrations"[0m
  [1m[36m (0.2ms)[0m  [1mbegin transaction[0m
  [1m[35mSQL (0.4ms)[0m  INSERT INTO "movies" ("title", "genre", "created_at", "updated_at") VALUES (?, ?, ?, ?)  [["title", "Die Hard"], ["genre", "Action"], ["created_at", "2015-12-08 10:12:59.215962"], ["updated_at", "2015-12-08 10:12:59.215962"]]
  [1m[36m (2.8ms)[0m  [1mcommit transaction[0m
  [1m[35m (0.2ms)[0m  SELECT COUNT(*) FROM "movies"
  [1m[36mMovie Load (0.3ms)[0m  [1mSELECT  "movies".* FROM "movies"  ORDER BY "movies"."id" ASC LIMIT 1[0m
  [1m[35mMovie Load (0.3ms)[0m  SELECT  "movies".* FROM "movies"  ORDER BY "movies"."id" ASC LIMIT 1
  [1m[36m (0.1ms)[0m  [1mbegin transaction[0m
  [1m[35mSQL (0.6ms)[0m  INSERT INTO "movies" ("title", "created_at", "updated_at") VALUES (?, ?, ?)  [["title", "Star Wars"], ["created_at", "2015-12-08 10:17:43.629453"], ["updated_at", "2015-12-08 10:17:43.629453"]]
  [1m[36m (1.6ms)[0m  [1mcommit transaction[0m
  [1m[35mMovie Load (0.2ms)[0m  SELECT  "movies".* FROM "movies"  ORDER BY "movies"."id" DESC LIMIT 1
  [1m[36m (0.1ms)[0m  [1mbegin transaction[0m
  [1m[35mSQL (0.6ms)[0m  INSERT INTO "movies" ("title", "created_at", "updated_at") VALUES (?, ?, ?)  [["title", "Jaws"], ["created_at", "2015-12-08 10:24:14.082302"], ["updated_at", "2015-12-08 10:24:14.082302"]]
  [1m[36m (1.9ms)[0m  [1mcommit transaction[0m
  [1m[36mMovie Load (0.4ms)[0m  [1mSELECT  "movies".* FROM "movies"  ORDER BY "movies"."id" ASC LIMIT 1[0m
  [1m[35mMovie Load (0.2ms)[0m  SELECT "movies".* FROM "movies"
  [1m[36m (0.2ms)[0m  [1mSELECT COUNT(*) FROM "movies"[0m
  [1m[35mMovie Load (0.2ms)[0m  SELECT  "movies".* FROM "movies" WHERE "movies"."id" = ? LIMIT 1  [["id", 1]]
  [1m[36mMovie Load (0.2ms)[0m  [1mSELECT  "movies".* FROM "movies" WHERE "movies"."id" = ? LIMIT 1[0m  [["id", 2]]
  [1m[35mMovie Load (0.3ms)[0m  SELECT  "movies".* FROM "movies" WHERE "movies"."title" = ? LIMIT 1  [["title", "Jaws"]]
  [1m[36mMovie Load (0.3ms)[0m  [1mSELECT "movies".* FROM "movies" WHERE "movies"."year" = ?[0m  [["year", 1985]]
  [1m[35mMovie Load (0.2ms)[0m  SELECT "movies".* FROM "movies" WHERE "movies"."year" = ?  [["year", "1985"]]
  [1m[36m (0.2ms)[0m  [1mSELECT COUNT(*) FROM "movies"[0m
  [1m[35m (0.2ms)[0m  SELECT COUNT(*) FROM "movies"
  [1m[36mMovie Load (0.2ms)[0m  [1mSELECT  "movies".* FROM "movies"  ORDER BY "movies"."id" DESC LIMIT 1[0m
  [1m[35mMovie Load (0.2ms)[0m  SELECT  "movies".* FROM "movies"  ORDER BY "movies"."id" DESC LIMIT 1
  [1m[36m (0.1ms)[0m  [1mbegin transaction[0m
  [1m[35mSQL (0.4ms)[0m  UPDATE "movies" SET "title" = ?, "updated_at" = ? WHERE "movies"."id" = ?  [["title", "Jaws 2"], ["updated_at", "2015-12-08 10:52:44.519767"], ["id", 3]]
  [1m[36m (3.3ms)[0m  [1mcommit transaction[0m
  [1m[35m (0.1ms)[0m  begin transaction
  [1m[36mSQL (0.5ms)[0m  [1mDELETE FROM "movies" WHERE "movies"."id" = ?[0m  [["id", 3]]
  [1m[35m (1.9ms)[0m  commit transaction
  [1m[36mMovie Load (0.3ms)[0m  [1mSELECT "movies".* FROM "movies" WHERE "movies"."year" IN ('1984', '1985')[0m
  [1m[35mMovie Load (0.2ms)[0m  SELECT  "movies".* FROM "movies"  ORDER BY "movies"."id" ASC LIMIT 1
  [1m[36mMovie Load (0.2ms)[0m  [1mSELECT  "movies".* FROM "movies"  ORDER BY "movies"."id" ASC LIMIT 1[0m
  [1m[35m (0.1ms)[0m  begin transaction
  [1m[36m (0.1ms)[0m  [1mcommit transaction[0m
  [1m[35mMovie Load (0.3ms)[0m  SELECT  "movies".* FROM "movies"  ORDER BY "movies"."id" ASC LIMIT 1
  [1m[36m (0.1ms)[0m  [1mbegin transaction[0m
  [1m[35m (0.1ms)[0m  commit transaction
  [1m[36m (0.1ms)[0m  [1mbegin transaction[0m
  [1m[35mSQL (0.6ms)[0m  UPDATE "movies" SET "year" = ?, "updated_at" = ? WHERE "movies"."id" = ?  [["year", 1985], ["updated_at", "2015-12-08 11:02:24.415778"], ["id", 1]]
  [1m[36m (7.1ms)[0m  [1mcommit transaction[0m
  [1m[35m (0.1ms)[0m  begin transaction
  [1m[36mSQL (1.8ms)[0m  [1mINSERT INTO "movies" ("title", "year", "genre", "created_at", "updated_at") VALUES (?, ?, ?, ?, ?)[0m  [["title", "The Big Lewbowski"], ["year", 2002], ["genre", "comedy"], ["created_at", "2015-12-08 11:04:23.142110"], ["updated_at", "2015-12-08 11:04:23.142110"]]
  [1m[35m (3.7ms)[0m  commit transaction
  [1m[36mMovie Load (0.2ms)[0m  [1mSELECT  "movies".* FROM "movies"  ORDER BY "movies"."id" DESC LIMIT 1[0m
  [1m[35mMovie Load (0.1ms)[0m  SELECT "movies".* FROM "movies"
  [1m[36mMovie Load (0.5ms)[0m  [1mSELECT  "movies".* FROM "movies"  ORDER BY "movies"."id" DESC LIMIT 1[0m
  [1m[35mMovie Load (0.2ms)[0m  SELECT "movies".* FROM "movies"
  [1m[36mMovie Load (0.2ms)[0m  [1mSELECT  "movies".* FROM "movies" WHERE "movies"."id" = ? LIMIT 1[0m  [["id", 1]]
  [1m[35mMovie Load (0.2ms)[0m  SELECT  "movies".* FROM "movies" WHERE "movies"."id" = ? LIMIT 1  [["id", 2]]
  [1m[36mMovie Load (0.2ms)[0m  [1mSELECT  "movies".* FROM "movies" WHERE "movies"."id" = ? LIMIT 1[0m  [["id", 2]]
  [1m[35m (0.1ms)[0m  begin transaction
  [1m[36mSQL (0.4ms)[0m  [1mUPDATE "movies" SET "year" = ?, "updated_at" = ? WHERE "movies"."id" = ?[0m  [["year", 1979], ["updated_at", "2015-12-08 11:11:03.962504"], ["id", 2]]
  [1m[35m (1.5ms)[0m  commit transaction
  [1m[36mMovie Load (0.2ms)[0m  [1mSELECT  "movies".* FROM "movies" WHERE "movies"."title" = ? LIMIT 1[0m  [["title", "The Big Lewbowski"]]
  [1m[35mMovie Load (0.3ms)[0m  SELECT "movies".* FROM "movies" WHERE (title LIKE 'The Big')
  [1m[36mMovie Load (0.2ms)[0m  [1mSELECT "movies".* FROM "movies" WHERE (title LIKE 'The Big%')[0m
  [1m[35mMovie Load (0.2ms)[0m  SELECT  "movies".* FROM "movies"  ORDER BY "movies"."id" ASC LIMIT 1
  [1m[36mActiveRecord::SchemaMigration Load (0.1ms)[0m  [1mSELECT "schema_migrations".* FROM "schema_migrations"[0m
Migrating to AddDirectorToMovies (20151208113422)
  [1m[35m (0.1ms)[0m  begin transaction
  [1m[36m (0.5ms)[0m  [1mALTER TABLE "movies" ADD "director" text[0m
  [1m[35mSQL (0.2ms)[0m  INSERT INTO "schema_migrations" ("version") VALUES (?)  [["version", "20151208113422"]]
  [1m[36m (0.5ms)[0m  [1mcommit transaction[0m
  [1m[35mActiveRecord::SchemaMigration Load (0.1ms)[0m  SELECT "schema_migrations".* FROM "schema_migrations"
  [1m[36mMovie Load (0.2ms)[0m  [1mSELECT  "movies".* FROM "movies"  ORDER BY "movies"."id" ASC LIMIT 1[0m
